[debug] [2018-10-17T20:43:30.346Z] ----------------------------------------------------------------------
[debug] [2018-10-17T20:43:30.348Z] Command:       /usr/local/bin/node /usr/local/bin/firebase serve
[debug] [2018-10-17T20:43:30.348Z] CLI Version:   4.2.1
[debug] [2018-10-17T20:43:30.348Z] Platform:      darwin
[debug] [2018-10-17T20:43:30.348Z] Node Version:  v10.10.0
[debug] [2018-10-17T20:43:30.349Z] Time:          Wed Oct 17 2018 13:43:30 GMT-0700 (Pacific Daylight Time)
[debug] [2018-10-17T20:43:30.349Z] ----------------------------------------------------------------------
[debug] 
[debug] [2018-10-17T20:43:30.363Z] > command requires scopes: ["email","openid","https://www.googleapis.com/auth/cloudplatformprojects.readonly","https://www.googleapis.com/auth/firebase","https://www.googleapis.com/auth/cloud-platform"]
[debug] [2018-10-17T20:43:30.364Z] > authorizing via signed-in user
[debug] [2018-10-17T20:43:30.366Z] > refreshing access token with scopes: ["email","https://www.googleapis.com/auth/cloud-platform","https://www.googleapis.com/auth/cloudplatformprojects.readonly","https://www.googleapis.com/auth/firebase","openid"]
[debug] [2018-10-17T20:43:30.366Z] >>> HTTP REQUEST POST https://www.googleapis.com/oauth2/v3/token  

[debug] [2018-10-17T20:43:31.143Z] <<< HTTP RESPONSE 200
[debug] [2018-10-17T20:43:31.162Z] >>> HTTP REQUEST GET https://admin.firebase.com/v1/projects/kitomake  
 
[debug] [2018-10-17T20:43:32.521Z] <<< HTTP RESPONSE 200
[debug] [2018-10-17T20:43:32.523Z] >>> HTTP REQUEST GET https://cloudresourcemanager.googleapis.com/v1/projects/kitomake  
 
[debug] [2018-10-17T20:43:34.215Z] <<< HTTP RESPONSE 200
[info] 
[info] === Serving from '/Users/subedik/Desktop/quizmic'...
[info] 
[debug] [2018-10-17T20:43:34.217Z] >>> HTTP REQUEST GET https://mobilesdk-pa.googleapis.com/v1/projects/425008773756/clients/_:getWebAppConfig  
 
[debug] [2018-10-17T20:43:35.878Z] <<< HTTP RESPONSE 200
[info] i  hosting[kitomake]: Serving hosting files from: public
[info] ✔  hosting[kitomake]: Local server: http://localhost:5000
[debug] [2018-10-17T21:27:24.781Z] ----------------------------------------------------------------------
[debug] [2018-10-17T21:27:24.783Z] Command:       /usr/local/bin/node /usr/local/bin/firebase serve
[debug] [2018-10-17T21:27:24.783Z] CLI Version:   4.2.1
[debug] [2018-10-17T21:27:24.783Z] Platform:      darwin
[debug] [2018-10-17T21:27:24.783Z] Node Version:  v10.10.0
[debug] [2018-10-17T21:27:24.784Z] Time:          Wed Oct 17 2018 14:27:24 GMT-0700 (Pacific Daylight Time)
[debug] [2018-10-17T21:27:24.784Z] ----------------------------------------------------------------------
[debug] 
[debug] [2018-10-17T21:27:24.795Z] > command requires scopes: ["email","openid","https://www.googleapis.com/auth/cloudplatformprojects.readonly","https://www.googleapis.com/auth/firebase","https://www.googleapis.com/auth/cloud-platform"]
[debug] [2018-10-17T21:27:24.796Z] > authorizing via signed-in user
[debug] [2018-10-17T21:27:24.797Z] >>> HTTP REQUEST GET https://admin.firebase.com/v1/projects/kitomake  
 
[debug] [2018-10-17T21:27:25.184Z] <<< HTTP RESPONSE 200
[debug] [2018-10-17T21:27:25.185Z] >>> HTTP REQUEST GET https://cloudresourcemanager.googleapis.com/v1/projects/kitomake  
 
[debug] [2018-10-17T21:27:25.483Z] <<< HTTP RESPONSE 200
[info] 
[info] === Serving from '/Users/subedik/Desktop/quizmic'...
[info] 
[debug] [2018-10-17T21:27:25.485Z] >>> HTTP REQUEST GET https://mobilesdk-pa.googleapis.com/v1/projects/425008773756/clients/_:getWebAppConfig  
 
[debug] [2018-10-17T21:27:25.994Z] <<< HTTP RESPONSE 200
[info] i  hosting[kitomake]: Serving hosting files from: public
[info] ✔  hosting[kitomake]: Local server: http://localhost:5000
[debug] [2018-10-19T20:33:13.901Z] ----------------------------------------------------------------------
[debug] [2018-10-19T20:33:13.903Z] Command:       /usr/local/bin/node /usr/local/bin/firebase serve
[debug] [2018-10-19T20:33:13.903Z] CLI Version:   4.2.1
[debug] [2018-10-19T20:33:13.903Z] Platform:      darwin
[debug] [2018-10-19T20:33:13.903Z] Node Version:  v10.10.0
[debug] [2018-10-19T20:33:13.904Z] Time:          Fri Oct 19 2018 13:33:13 GMT-0700 (Pacific Daylight Time)
[debug] [2018-10-19T20:33:13.904Z] ----------------------------------------------------------------------
[debug] 
[debug] [2018-10-19T20:33:13.922Z] > command requires scopes: ["email","openid","https://www.googleapis.com/auth/cloudplatformprojects.readonly","https://www.googleapis.com/auth/firebase","https://www.googleapis.com/auth/cloud-platform"]
[debug] [2018-10-19T20:33:13.923Z] > authorizing via signed-in user
[debug] [2018-10-19T20:33:13.924Z] > refreshing access token with scopes: ["email","https://www.googleapis.com/auth/cloud-platform","https://www.googleapis.com/auth/cloudplatformprojects.readonly","https://www.googleapis.com/auth/firebase","openid"]
[debug] [2018-10-19T20:33:13.925Z] >>> HTTP REQUEST POST https://www.googleapis.com/oauth2/v3/token  

[debug] [2018-10-19T20:33:14.089Z] <<< HTTP RESPONSE 200
[debug] [2018-10-19T20:33:14.107Z] >>> HTTP REQUEST GET https://admin.firebase.com/v1/projects/kitomake  
 
[debug] [2018-10-19T20:33:14.504Z] <<< HTTP RESPONSE 200
[debug] [2018-10-19T20:33:14.504Z] >>> HTTP REQUEST GET https://cloudresourcemanager.googleapis.com/v1/projects/kitomake  
 
[debug] [2018-10-19T20:33:14.960Z] <<< HTTP RESPONSE 200
[info] 
[info] === Serving from '/Users/subedik/Desktop/quizmic'...
[info] 
[debug] [2018-10-19T20:33:14.961Z] >>> HTTP REQUEST GET https://mobilesdk-pa.googleapis.com/v1/projects/425008773756/clients/_:getWebAppConfig  
 
[debug] [2018-10-19T20:33:15.166Z] <<< HTTP RESPONSE 200
[info] i  hosting[kitomake]: Serving hosting files from: public
[info] ✔  hosting[kitomake]: Local server: http://localhost:5000
[debug] [2018-10-21T15:30:40.189Z] ----------------------------------------------------------------------
[debug] [2018-10-21T15:30:40.190Z] Command:       /usr/local/bin/node /usr/local/bin/firebase serve
[debug] [2018-10-21T15:30:40.190Z] CLI Version:   4.2.1
[debug] [2018-10-21T15:30:40.191Z] Platform:      darwin
[debug] [2018-10-21T15:30:40.191Z] Node Version:  v10.10.0
[debug] [2018-10-21T15:30:40.195Z] Time:          Sun Oct 21 2018 08:30:40 GMT-0700 (Pacific Daylight Time)
[debug] [2018-10-21T15:30:40.195Z] ----------------------------------------------------------------------
[debug] 
[debug] [2018-10-21T15:30:40.224Z] > command requires scopes: ["email","openid","https://www.googleapis.com/auth/cloudplatformprojects.readonly","https://www.googleapis.com/auth/firebase","https://www.googleapis.com/auth/cloud-platform"]
[debug] [2018-10-21T15:30:40.225Z] > authorizing via signed-in user
[debug] [2018-10-21T15:30:40.227Z] > refreshing access token with scopes: ["email","https://www.googleapis.com/auth/cloud-platform","https://www.googleapis.com/auth/cloudplatformprojects.readonly","https://www.googleapis.com/auth/firebase","openid"]
[debug] [2018-10-21T15:30:40.227Z] >>> HTTP REQUEST POST https://www.googleapis.com/oauth2/v3/token  

[debug] [2018-10-21T15:30:40.392Z] <<< HTTP RESPONSE 200
[debug] [2018-10-21T15:30:40.412Z] >>> HTTP REQUEST GET https://admin.firebase.com/v1/projects/kitomake  
 
[debug] [2018-10-21T15:30:40.864Z] <<< HTTP RESPONSE 200
[debug] [2018-10-21T15:30:40.865Z] >>> HTTP REQUEST GET https://cloudresourcemanager.googleapis.com/v1/projects/kitomake  
 
[debug] [2018-10-21T15:30:41.217Z] <<< HTTP RESPONSE 200
[info] 
[info] === Serving from '/Users/subedik/Desktop/quizmic'...
[info] 
[debug] [2018-10-21T15:30:41.218Z] >>> HTTP REQUEST GET https://mobilesdk-pa.googleapis.com/v1/projects/425008773756/clients/_:getWebAppConfig  
 
[debug] [2018-10-21T15:30:41.576Z] <<< HTTP RESPONSE 200
[info] i  hosting[kitomake]: Serving hosting files from: public
[info] ✔  hosting[kitomake]: Local server: http://localhost:5000
[debug] [2018-10-21T17:04:40.275Z] ----------------------------------------------------------------------
[debug] [2018-10-21T17:04:40.276Z] Command:       /usr/local/bin/node /usr/local/bin/firebase serve
[debug] [2018-10-21T17:04:40.276Z] CLI Version:   4.2.1
[debug] [2018-10-21T17:04:40.276Z] Platform:      darwin
[debug] [2018-10-21T17:04:40.276Z] Node Version:  v10.10.0
[debug] [2018-10-21T17:04:40.277Z] Time:          Sun Oct 21 2018 10:04:40 GMT-0700 (Pacific Daylight Time)
[debug] [2018-10-21T17:04:40.277Z] ----------------------------------------------------------------------
[debug] 
[debug] [2018-10-21T17:04:40.289Z] > command requires scopes: ["email","openid","https://www.googleapis.com/auth/cloudplatformprojects.readonly","https://www.googleapis.com/auth/firebase","https://www.googleapis.com/auth/cloud-platform"]
[debug] [2018-10-21T17:04:40.290Z] > authorizing via signed-in user
[debug] [2018-10-21T17:04:40.291Z] > refreshing access token with scopes: ["email","https://www.googleapis.com/auth/cloud-platform","https://www.googleapis.com/auth/cloudplatformprojects.readonly","https://www.googleapis.com/auth/firebase","openid"]
[debug] [2018-10-21T17:04:40.291Z] >>> HTTP REQUEST POST https://www.googleapis.com/oauth2/v3/token  

[debug] [2018-10-21T17:04:40.477Z] <<< HTTP RESPONSE 200
[debug] [2018-10-21T17:04:40.495Z] >>> HTTP REQUEST GET https://admin.firebase.com/v1/projects/kitomake  
 
[debug] [2018-10-21T17:04:40.954Z] <<< HTTP RESPONSE 200
[debug] [2018-10-21T17:04:40.955Z] >>> HTTP REQUEST GET https://cloudresourcemanager.googleapis.com/v1/projects/kitomake  
 
[debug] [2018-10-21T17:04:41.291Z] <<< HTTP RESPONSE 200
[info] 
[info] === Serving from '/Users/subedik/Desktop/quizmic'...
[info] 
[debug] [2018-10-21T17:04:41.293Z] >>> HTTP REQUEST GET https://mobilesdk-pa.googleapis.com/v1/projects/425008773756/clients/_:getWebAppConfig  
 
[debug] [2018-10-21T17:04:41.670Z] <<< HTTP RESPONSE 200
[info] i  hosting[kitomake]: Serving hosting files from: public
[info] ✔  hosting[kitomake]: Local server: http://localhost:5000
[debug] [2018-10-22T18:03:25.697Z] ----------------------------------------------------------------------
[debug] [2018-10-22T18:03:25.699Z] Command:       /usr/local/bin/node /usr/local/bin/firebase serve
[debug] [2018-10-22T18:03:25.699Z] CLI Version:   4.2.1
[debug] [2018-10-22T18:03:25.699Z] Platform:      darwin
[debug] [2018-10-22T18:03:25.699Z] Node Version:  v10.10.0
[debug] [2018-10-22T18:03:25.703Z] Time:          Mon Oct 22 2018 11:03:25 GMT-0700 (Pacific Daylight Time)
[debug] [2018-10-22T18:03:25.703Z] ----------------------------------------------------------------------
[debug] 
[debug] [2018-10-22T18:03:25.732Z] > command requires scopes: ["email","openid","https://www.googleapis.com/auth/cloudplatformprojects.readonly","https://www.googleapis.com/auth/firebase","https://www.googleapis.com/auth/cloud-platform"]
[debug] [2018-10-22T18:03:25.732Z] > authorizing via signed-in user
[debug] [2018-10-22T18:03:25.734Z] > refreshing access token with scopes: ["email","https://www.googleapis.com/auth/cloud-platform","https://www.googleapis.com/auth/cloudplatformprojects.readonly","https://www.googleapis.com/auth/firebase","openid"]
[debug] [2018-10-22T18:03:25.734Z] >>> HTTP REQUEST POST https://www.googleapis.com/oauth2/v3/token  

[debug] [2018-10-22T18:03:25.894Z] <<< HTTP RESPONSE 200
[debug] [2018-10-22T18:03:25.910Z] >>> HTTP REQUEST GET https://admin.firebase.com/v1/projects/kitomake  
 
[debug] [2018-10-22T18:03:26.276Z] <<< HTTP RESPONSE 200
[debug] [2018-10-22T18:03:26.277Z] >>> HTTP REQUEST GET https://cloudresourcemanager.googleapis.com/v1/projects/kitomake  
 
[debug] [2018-10-22T18:03:26.456Z] <<< HTTP RESPONSE 200
[info] 
[info] === Serving from '/Users/subedik/Desktop/quizmic'...
[info] 
[debug] [2018-10-22T18:03:26.458Z] >>> HTTP REQUEST GET https://mobilesdk-pa.googleapis.com/v1/projects/425008773756/clients/_:getWebAppConfig  
 
[debug] [2018-10-22T18:03:26.759Z] <<< HTTP RESPONSE 200
[info] i  hosting[kitomake]: Serving hosting files from: public
[info] ✔  hosting[kitomake]: Local server: http://localhost:5000
[debug] [2018-10-22T18:23:41.242Z] ----------------------------------------------------------------------
[debug] [2018-10-22T18:23:41.243Z] Command:       /usr/local/bin/node /usr/local/bin/firebase serve
[debug] [2018-10-22T18:23:41.243Z] CLI Version:   4.2.1
[debug] [2018-10-22T18:23:41.243Z] Platform:      darwin
[debug] [2018-10-22T18:23:41.243Z] Node Version:  v10.10.0
[debug] [2018-10-22T18:23:41.244Z] Time:          Mon Oct 22 2018 11:23:41 GMT-0700 (Pacific Daylight Time)
[debug] [2018-10-22T18:23:41.244Z] ----------------------------------------------------------------------
[debug] 
[debug] [2018-10-22T18:23:41.254Z] > command requires scopes: ["email","openid","https://www.googleapis.com/auth/cloudplatformprojects.readonly","https://www.googleapis.com/auth/firebase","https://www.googleapis.com/auth/cloud-platform"]
[debug] [2018-10-22T18:23:41.254Z] > authorizing via signed-in user
[debug] [2018-10-22T18:23:41.256Z] >>> HTTP REQUEST GET https://admin.firebase.com/v1/projects/kitomake  
 
[debug] [2018-10-22T18:23:41.644Z] <<< HTTP RESPONSE 200
[debug] [2018-10-22T18:23:41.645Z] >>> HTTP REQUEST GET https://cloudresourcemanager.googleapis.com/v1/projects/kitomake  
 
[debug] [2018-10-22T18:23:41.931Z] <<< HTTP RESPONSE 200
[info] 
[info] === Serving from '/Users/subedik/Desktop/quizmic'...
[info] 
[debug] [2018-10-22T18:23:41.933Z] >>> HTTP REQUEST GET https://mobilesdk-pa.googleapis.com/v1/projects/425008773756/clients/_:getWebAppConfig  
 
[debug] [2018-10-22T18:23:42.356Z] <<< HTTP RESPONSE 200
[info] i  hosting[kitomake]: Serving hosting files from: public
[info] ✔  hosting[kitomake]: Local server: http://localhost:5000
[debug] [2018-10-22T18:48:27.078Z] ----------------------------------------------------------------------
[debug] [2018-10-22T18:48:27.079Z] Command:       /usr/local/bin/node /usr/local/bin/firebase serve
[debug] [2018-10-22T18:48:27.080Z] CLI Version:   4.2.1
[debug] [2018-10-22T18:48:27.080Z] Platform:      darwin
[debug] [2018-10-22T18:48:27.080Z] Node Version:  v10.10.0
[debug] [2018-10-22T18:48:27.080Z] Time:          Mon Oct 22 2018 11:48:27 GMT-0700 (Pacific Daylight Time)
[debug] [2018-10-22T18:48:27.080Z] ----------------------------------------------------------------------
[debug] 
[debug] [2018-10-22T18:48:27.090Z] > command requires scopes: ["email","openid","https://www.googleapis.com/auth/cloudplatformprojects.readonly","https://www.googleapis.com/auth/firebase","https://www.googleapis.com/auth/cloud-platform"]
[debug] [2018-10-22T18:48:27.091Z] > authorizing via signed-in user
[debug] [2018-10-22T18:48:27.092Z] > refreshing access token with scopes: ["email","https://www.googleapis.com/auth/cloud-platform","https://www.googleapis.com/auth/cloudplatformprojects.readonly","https://www.googleapis.com/auth/firebase","openid"]
[debug] [2018-10-22T18:48:27.092Z] >>> HTTP REQUEST POST https://www.googleapis.com/oauth2/v3/token  

[debug] [2018-10-22T18:48:27.223Z] <<< HTTP RESPONSE 200
[debug] [2018-10-22T18:48:27.240Z] >>> HTTP REQUEST GET https://admin.firebase.com/v1/projects/kitomake  
 
[debug] [2018-10-22T18:48:27.609Z] <<< HTTP RESPONSE 200
[debug] [2018-10-22T18:48:27.610Z] >>> HTTP REQUEST GET https://cloudresourcemanager.googleapis.com/v1/projects/kitomake  
 
[debug] [2018-10-22T18:48:27.873Z] <<< HTTP RESPONSE 200
[info] 
[info] === Serving from '/Users/subedik/Desktop/quizmic'...
[info] 
[debug] [2018-10-22T18:48:27.875Z] >>> HTTP REQUEST GET https://mobilesdk-pa.googleapis.com/v1/projects/425008773756/clients/_:getWebAppConfig  
 
[debug] [2018-10-22T18:48:28.292Z] <<< HTTP RESPONSE 200
[info] i  hosting[kitomake]: Serving hosting files from: public
[info] ✔  hosting[kitomake]: Local server: http://localhost:5000
[debug] [2018-10-22T23:22:23.799Z] ----------------------------------------------------------------------
[debug] [2018-10-22T23:22:23.800Z] Command:       /usr/local/bin/node /usr/local/bin/firebase serve
[debug] [2018-10-22T23:22:23.800Z] CLI Version:   4.2.1
[debug] [2018-10-22T23:22:23.800Z] Platform:      darwin
[debug] [2018-10-22T23:22:23.801Z] Node Version:  v10.10.0
[debug] [2018-10-22T23:22:23.801Z] Time:          Mon Oct 22 2018 16:22:23 GMT-0700 (Pacific Daylight Time)
[debug] [2018-10-22T23:22:23.801Z] ----------------------------------------------------------------------
[debug] 
[debug] [2018-10-22T23:22:23.813Z] > command requires scopes: ["email","openid","https://www.googleapis.com/auth/cloudplatformprojects.readonly","https://www.googleapis.com/auth/firebase","https://www.googleapis.com/auth/cloud-platform"]
[debug] [2018-10-22T23:22:23.814Z] > authorizing via signed-in user
[debug] [2018-10-22T23:22:23.816Z] > refreshing access token with scopes: ["email","https://www.googleapis.com/auth/cloud-platform","https://www.googleapis.com/auth/cloudplatformprojects.readonly","https://www.googleapis.com/auth/firebase","openid"]
[debug] [2018-10-22T23:22:23.816Z] >>> HTTP REQUEST POST https://www.googleapis.com/oauth2/v3/token  

[debug] [2018-10-22T23:22:23.951Z] <<< HTTP RESPONSE 200
[debug] [2018-10-22T23:22:23.961Z] >>> HTTP REQUEST GET https://admin.firebase.com/v1/projects/kitomake  
 
[debug] [2018-10-22T23:22:24.317Z] <<< HTTP RESPONSE 200
[debug] [2018-10-22T23:22:24.318Z] >>> HTTP REQUEST GET https://cloudresourcemanager.googleapis.com/v1/projects/kitomake  
 
[debug] [2018-10-22T23:22:24.596Z] <<< HTTP RESPONSE 200
[info] 
[info] === Serving from '/Users/subedik/Desktop/quizmic'...
[info] 
[debug] [2018-10-22T23:22:24.598Z] >>> HTTP REQUEST GET https://mobilesdk-pa.googleapis.com/v1/projects/425008773756/clients/_:getWebAppConfig  
 
[debug] [2018-10-22T23:22:24.860Z] <<< HTTP RESPONSE 200
[info] i  hosting[kitomake]: Serving hosting files from: public
[info] ✔  hosting[kitomake]: Local server: http://localhost:5000
[debug] [2018-10-22T23:33:30.108Z] ----------------------------------------------------------------------
[debug] [2018-10-22T23:33:30.109Z] Command:       /usr/local/bin/node /usr/local/bin/firebase serve
[debug] [2018-10-22T23:33:30.109Z] CLI Version:   4.2.1
[debug] [2018-10-22T23:33:30.109Z] Platform:      darwin
[debug] [2018-10-22T23:33:30.109Z] Node Version:  v10.10.0
[debug] [2018-10-22T23:33:30.110Z] Time:          Mon Oct 22 2018 16:33:30 GMT-0700 (Pacific Daylight Time)
[debug] [2018-10-22T23:33:30.110Z] ----------------------------------------------------------------------
[debug] 
[debug] [2018-10-22T23:33:30.121Z] > command requires scopes: ["email","openid","https://www.googleapis.com/auth/cloudplatformprojects.readonly","https://www.googleapis.com/auth/firebase","https://www.googleapis.com/auth/cloud-platform"]
[debug] [2018-10-22T23:33:30.122Z] > authorizing via signed-in user
[debug] [2018-10-22T23:33:30.124Z] >>> HTTP REQUEST GET https://admin.firebase.com/v1/projects/kitomake  
 
[debug] [2018-10-22T23:33:30.508Z] <<< HTTP RESPONSE 200
[debug] [2018-10-22T23:33:30.509Z] >>> HTTP REQUEST GET https://cloudresourcemanager.googleapis.com/v1/projects/kitomake  
 
[debug] [2018-10-22T23:33:30.762Z] <<< HTTP RESPONSE 200
[info] 
[info] === Serving from '/Users/subedik/Desktop/quizmic'...
[info] 
[debug] [2018-10-22T23:33:30.763Z] >>> HTTP REQUEST GET https://mobilesdk-pa.googleapis.com/v1/projects/425008773756/clients/_:getWebAppConfig  
 
[debug] [2018-10-22T23:33:31.016Z] <<< HTTP RESPONSE 200
[info] i  hosting[kitomake]: Serving hosting files from: public
[info] ✔  hosting[kitomake]: Local server: http://localhost:5000
[debug] [2018-10-22T23:41:32.815Z] ----------------------------------------------------------------------
[debug] [2018-10-22T23:41:32.817Z] Command:       /usr/local/bin/node /usr/local/bin/firebase serve
[debug] [2018-10-22T23:41:32.817Z] CLI Version:   4.2.1
[debug] [2018-10-22T23:41:32.817Z] Platform:      darwin
[debug] [2018-10-22T23:41:32.817Z] Node Version:  v10.10.0
[debug] [2018-10-22T23:41:32.818Z] Time:          Mon Oct 22 2018 16:41:32 GMT-0700 (Pacific Daylight Time)
[debug] [2018-10-22T23:41:32.818Z] ----------------------------------------------------------------------
[debug] 
[debug] [2018-10-22T23:41:32.830Z] > command requires scopes: ["email","openid","https://www.googleapis.com/auth/cloudplatformprojects.readonly","https://www.googleapis.com/auth/firebase","https://www.googleapis.com/auth/cloud-platform"]
[debug] [2018-10-22T23:41:32.831Z] > authorizing via signed-in user
[debug] [2018-10-22T23:41:32.834Z] >>> HTTP REQUEST GET https://admin.firebase.com/v1/projects/kitomake  
 
[debug] [2018-10-22T23:41:33.180Z] <<< HTTP RESPONSE 200
[debug] [2018-10-22T23:41:33.181Z] >>> HTTP REQUEST GET https://cloudresourcemanager.googleapis.com/v1/projects/kitomake  
 
[debug] [2018-10-22T23:41:33.617Z] <<< HTTP RESPONSE 200
[info] 
[info] === Serving from '/Users/subedik/Desktop/quizmic'...
[info] 
[debug] [2018-10-22T23:41:33.619Z] >>> HTTP REQUEST GET https://mobilesdk-pa.googleapis.com/v1/projects/425008773756/clients/_:getWebAppConfig  
 
[debug] [2018-10-22T23:41:33.932Z] <<< HTTP RESPONSE 200
[info] i  hosting[kitomake]: Serving hosting files from: public
[info] ✔  hosting[kitomake]: Local server: http://localhost:5000
